# JRE version: Java(TM) SE Runtime Environment (8.0_45-b15) (build 1.8.0_45-b15)
# Java VM: Java HotSpot(TM) Client VM (25.45-b02 mixed mode windows-x86 )
Heap:
 def new generation   total 78656K, used 78655K [0x04800000, 0x09d50000, 0x09d50000)
  eden space 69952K, 100% used [0x04800000, 0x08c50000, 0x08c50000)
  from space 8704K,  99% used [0x094d0000, 0x09d4fc58, 0x09d50000)
  to   space 8704K,   0% used [0x08c50000, 0x08c50000, 0x094d0000)
 tenured generation   total 174784K, used 174784K [0x09d50000, 0x14800000, 0x14800000)
   the space 174784K, 100% used [0x09d50000, 0x14800000, 0x14800000, 0x14800000)
 Metaspace       used 4879K, capacity 4959K, committed 4992K, reserved 5504K
GC Heap History (10 events):
Event: 18988.765 GC heap after
Heap after GC invocations=57784 (full 1097):
 def new generation   total 78656K, used 9887K [0x04800000, 0x09d50000, 0x09d50000)
  eden space 69952K,  14% used [0x04800000, 0x051a7e70, 0x08c50000)
  from space 8704K,   0% used [0x094d0000, 0x094d0000, 0x09d50000)
  to   space 8704K,   0% used [0x08c50000, 0x08c50000, 0x094d0000)
 tenured generation   total 174784K, used 174784K [0x09d50000, 0x14800000, 0x14800000)
   the space 174784K, 100% used [0x09d50000, 0x14800000, 0x14800000, 0x14800000)
 Metaspace       used 4879K, capacity 4959K, committed 4992K, reserved 5504K
}
Event: 18989.621 GC heap before
{Heap before GC invocations=57784 (full 1097):
 def new generation   total 78656K, used 78651K [0x04800000, 0x09d50000, 0x09d50000)
  eden space 69952K, 100% used [0x04800000, 0x08c50000, 0x08c50000)
  from space 8704K,  99% used [0x094d0000, 0x09d4ecc0, 0x09d50000)
  to   space 8704K,   0% used [0x08c50000, 0x08c50000, 0x094d0000)
 tenured generation   total 174784K, used 174784K [0x09d50000, 0x14800000, 0x14800000)
   the space 174784K, 100% used [0x09d50000, 0x14800000, 0x14800000, 0x14800000)
 Metaspace       used 4879K, capacity 4959K, committed 4992K, reserved 5504K
Event: 18991.713 GC heap after
Heap after GC invocations=57785 (full 1098):
 def new generation   total 78656K, used 9893K [0x04800000, 0x09d50000, 0x09d50000)
  eden space 69952K,  14% used [0x04800000, 0x051a9480, 0x08c50000)
  from space 8704K,   0% used [0x094d0000, 0x094d0000, 0x09d50000)
  to   space 8704K,   0% used [0x08c50000, 0x08c50000, 0x094d0000)
 tenured generation   total 174784K, used 174784K [0x09d50000, 0x14800000, 0x14800000)
   the space 174784K, 100% used [0x09d50000, 0x14800000, 0x14800000, 0x14800000)
 Metaspace       used 4879K, capacity 4959K, committed 4992K, reserved 5504K
}
Event: 18992.592 GC heap before
{Heap before GC invocations=57785 (full 1098):
 def new generation   total 78656K, used 78643K [0x04800000, 0x09d50000, 0x09d50000)
  eden space 69952K, 100% used [0x04800000, 0x08c50000, 0x08c50000)
  from space 8704K,  99% used [0x094d0000, 0x09d4ce80, 0x09d50000)
  to   space 8704K,   0% used [0x08c50000, 0x08c50000, 0x094d0000)
 tenured generation   total 174784K, used 174784K [0x09d50000, 0x14800000, 0x14800000)
   the space 174784K, 100% used [0x09d50000, 0x14800000, 0x14800000, 0x14800000)
 Metaspace       used 4879K, capacity 4959K, committed 4992K, reserved 5504K
Event: 18994.681 GC heap after
Heap after GC invocations=57786 (full 1099):
 def new generation   total 78656K, used 9917K [0x04800000, 0x09d50000, 0x09d50000)
  eden space 69952K,  14% used [0x04800000, 0x051af718, 0x08c50000)
  from space 8704K,   0% used [0x094d0000, 0x094d0000, 0x09d50000)
  to   space 8704K,   0% used [0x08c50000, 0x08c50000, 0x094d0000)
 tenured generation   total 174784K, used 174784K [0x09d50000, 0x14800000, 0x14800000)
   the space 174784K, 100% used [0x09d50000, 0x14800000, 0x14800000, 0x14800000)
 Metaspace       used 4879K, capacity 4959K, committed 4992K, reserved 5504K
}
Event: 18995.515 GC heap before
{Heap before GC invocations=57786 (full 1099):
 def new generation   total 78656K, used 78655K [0x04800000, 0x09d50000, 0x09d50000)
  eden space 69952K, 100% used [0x04800000, 0x08c50000, 0x08c50000)
  from space 8704K,  99% used [0x094d0000, 0x09d4ffe8, 0x09d50000)
  to   space 8704K,   0% used [0x08c50000, 0x08c50000, 0x094d0000)
 tenured generation   total 174784K, used 174784K [0x09d50000, 0x14800000, 0x14800000)
   the space 174784K, 100% used [0x09d50000, 0x14800000, 0x14800000, 0x14800000)
 Metaspace       used 4879K, capacity 4959K, committed 4992K, reserved 5504K
Event: 18997.613 GC heap after
Heap after GC invocations=57787 (full 1100):
 def new generation   total 78656K, used 9942K [0x04800000, 0x09d50000, 0x09d50000)
  eden space 69952K,  14% used [0x04800000, 0x051b5a20, 0x08c50000)
  from space 8704K,   0% used [0x094d0000, 0x094d0000, 0x09d50000)
  to   space 8704K,   0% used [0x08c50000, 0x08c50000, 0x094d0000)
 tenured generation   total 174784K, used 174784K [0x09d50000, 0x14800000, 0x14800000)
   the space 174784K, 100% used [0x09d50000, 0x14800000, 0x14800000, 0x14800000)
 Metaspace       used 4879K, capacity 4959K, committed 4992K, reserved 5504K
}
Event: 18998.447 GC heap before
{Heap before GC invocations=57787 (full 1100):
 def new generation   total 78656K, used 78640K [0x04800000, 0x09d50000, 0x09d50000)
  eden space 69952K, 100% used [0x04800000, 0x08c50000, 0x08c50000)
  from space 8704K,  99% used [0x094d0000, 0x09d4c2d8, 0x09d50000)
  to   space 8704K,   0% used [0x08c50000, 0x08c50000, 0x094d0000)
 tenured generation   total 174784K, used 174784K [0x09d50000, 0x14800000, 0x14800000)
   the space 174784K, 100% used [0x09d50000, 0x14800000, 0x14800000, 0x14800000)
 Metaspace       used 4879K, capacity 4959K, committed 4992K, reserved 5504K
Event: 19000.543 GC heap after
Heap after GC invocations=57788 (full 1101):
 def new generation   total 78656K, used 9728K [0x04800000, 0x09d50000, 0x09d50000)
  eden space 69952K,  13% used [0x04800000, 0x051802c8, 0x08c50000)
  from space 8704K,   0% used [0x094d0000, 0x094d0000, 0x09d50000)
  to   space 8704K,   0% used [0x08c50000, 0x08c50000, 0x094d0000)
 tenured generation   total 174784K, used 174784K [0x09d50000, 0x14800000, 0x14800000)
   the space 174784K, 100% used [0x09d50000, 0x14800000, 0x14800000, 0x14800000)
 Metaspace       used 4879K, capacity 4959K, committed 4992K, reserved 5504K
}
Event: 19001.399 GC heap before
{Heap before GC invocations=57788 (full 1101):
 def new generation   total 78656K, used 78655K [0x04800000, 0x09d50000, 0x09d50000)
  eden space 69952K, 100% used [0x04800000, 0x08c50000, 0x08c50000)
  from space 8704K,  99% used [0x094d0000, 0x09d4fc58, 0x09d50000)
  to   space 8704K,   0% used [0x08c50000, 0x08c50000, 0x094d0000)
 tenured generation   total 174784K, used 174784K [0x09d50000, 0x14800000, 0x14800000)
   the space 174784K, 100% used [0x09d50000, 0x14800000, 0x14800000, 0x14800000)
 Metaspace       used 4879K, capacity 4959K, committed 4992K, reserved 5504K

